


ARM Macro Assembler    Page 1 


    1 00000000         ;-------------------------------------------------------
                       ------------------------
    2 00000000         ; This file is used for configure option setting, Area 1
                       /2/3.
    3 00000000         ;-------------------------------------------------------
                       ------------------------
    4 00000000         ;// <<< Use Configuration Wizard in Context Menu >>>
    5 00000000         ;/******************************************************
                       ***********************/
    6 00000000         ;/* This file is part of the uVision/ARM development too
                       ls.                   */
    7 00000000         ;/* Copyright (c) 2005-2008 Keil Software. All rights re
                       served.               */
    8 00000000         ;/* This software may only be used under the terms of a 
                       valid, current,       */
    9 00000000         ;/* end user licence from KEIL for a compatible version 
                       of KEIL software      */
   10 00000000         ;/* development tools. Nothing else gives you the right 
                       to use this software. */
   11 00000000         ;/******************************************************
                       ***********************/
   12 00000000         
   13 00000000         
   14 00000000         ;// <e> Configure Option Page 1
   15 00000000 00000001 
                       CONFIGURE_OPTION_1
                               EQU              1
   16 00000000         
   17 00000000         ;// <h> Read Protection Configuration
   18 00000000         ;//    <o.0..2> Read Protection
   19 00000000         ;//       <3=> Level 0 <2=> Level 1 <0=> Level 2
   20 00000000         ;// </h>
   21 00000000 69C8A273 
                       RPCNFIG EQU              0x69C8A273
   22 00000000         
   23 00000000         ;// <h> Extra User Data
   24 00000000         ;//   <o0> Word 0 <0x0000-0xFFFF>
   25 00000000         ;//   <o1> Word 1 <0x0000-0xFFFF>
   26 00000000         ;// </h>
   27 00000000 0000FFFF 
                       EX0CNFIG
                               EQU              0xFFFF
   28 00000000 0000FFFF 
                       EX1CNFIG
                               EQU              0xFFFF
   29 00000000 00000000 
                       nEX0CNFIG
                               EQU              EX0CNFIG:EOR:0xFFFF
   30 00000000 00000000 
                       nEX1CNFIG
                               EQU              EX1CNFIG:EOR:0xFFFF
   31 00000000         
   32 00000000         ;// <h> Watch-Dog Timer Configuration
   33 00000000         ;//    <o.4..15> WDTRC Enable Selection
   34 00000000         ;//       <0x96D=> By S/W (CLKSRCR Register) <0x2A7=> En
                       able but disable at deep sleep <0xFFF=> Always Enable
   35 00000000         ;//    <o.2> Watch-Dog Timer Clock Selection
   36 00000000         ;//       <0=> By S/W (PPCLKSR Register) <1=> WDTRC
   37 00000000         ;//    <o.1> Watch-Dog Timer Reset Enable Selection



ARM Macro Assembler    Page 2 


   38 00000000         ;//       <0=> Enable WDT Reset <1=> By S/W (WDTCR Regis
                       ter)
   39 00000000         ;//    <o.0> Watch-Dog Timer Counter Enable Selection
   40 00000000         ;//       <0=> Enable WDT Counter <1=> By S/W (WDTCR Reg
                       ister)
   41 00000000         ;// </h>
   42 00000000 FFFF96DB 
                       WDTCNFIG
                               EQU              0xFFFF96DB
   43 00000000         
   44 00000000         ;// <h> Low Voltage Reset Configuration
   45 00000000         ;//    <o.8..15> LVR Operation Control Selection
   46 00000000         ;//       <0xAA=> By S/W (LVRCR Register) <0xFF=> Always
                        Enable
   47 00000000         ;//    <o.0..2> LVR Voltage Selection
   48 00000000         ;//       <7=> 1.50V <6=> 1.75V <5=> 1.90V <4=> 2.05V <3
                       => 2.20V <2=> 2.35V <1=> 2.50V <0=> 2.65V
   49 00000000         ;// </h>
   50 00000000 FFFFAAFF 
                       LVRCNFIG
                               EQU              0xFFFFAAFF
   51 00000000         
   52 00000000         ;// <h> Configure Option Page Erase/Write Protection
   53 00000000         ;//    <o.0> Option Page 1, 0x1FFFF200 to 0x1FFFF27F
   54 00000000         ;//    <o.1> Option Page 2, 0x1FFFF400 to 0x1FFFF47F
   55 00000000         ;//    <o.2> Option Page 3, 0x1FFFF600 to 0x1FFFF67F
   56 00000000         ;// </h>
   57 00000000 00000000 
                       OPTIONPAGE
                               EQU              0x00000000
   58 00000000 FFFFFFFF 
                       CNFIGWTP1
                               EQU              ~OPTIONPAGE
   59 00000000         
   60 00000000         ;// <h> Flash Memory Erase/Write Protection
   61 00000000         ;//    <o.0> Sector 0, 0x10000000 to 0x100007FF
   62 00000000         ;//    <o.1> Sector 1, 0x10000800 to 0x10000FFF
   63 00000000         ;//    <o.2> Sector 2, 0x10001000 to 0x100017FF
   64 00000000         ;//    <o.3> Sector 3, 0x10001800 to 0x10001FFF
   65 00000000         ;//    <o.4> Sector 4, 0x10002000 to 0x100027FF
   66 00000000         ;//    <o.5> Sector 5, 0x10002800 to 0x10002FFF
   67 00000000         ;//    <o.6> Sector 6, 0x10003000 to 0x100037FF
   68 00000000         ;//    <o.7> Sector 7, 0x10003800 to 0x10003FFF
   69 00000000         ;//    <o.8> Sector 8, 0x10004000 to 0x100047FF
   70 00000000         ;//    <o.9> Sector 9, 0x10004800 to 0x10004FFF
   71 00000000         ;//    <o.10> Sector 10, 0x10005000 to 0x100057FF
   72 00000000         ;//    <o.11> Sector 11, 0x10005800 to 0x10005FFF
   73 00000000         ;//    <o.12> Sector 12, 0x10006000 to 0x100067FF
   74 00000000         ;//    <o.13> Sector 13, 0x10006800 to 0x10006FFF
   75 00000000         ;//    <o.14> Sector 14, 0x10007000 to 0x100077FF
   76 00000000         ;//    <o.15> Sector 15, 0x10007800 to 0x10007FFF
   77 00000000         ;//    <o.16> Sector 16, 0x10008000 to 0x100087FF
   78 00000000         ;//    <o.17> Sector 17, 0x10008800 to 0x10008FFF
   79 00000000         ;//    <o.18> Sector 18, 0x10009000 to 0x100097FF
   80 00000000         ;//    <o.19> Sector 19, 0x10009800 to 0x10009FFF
   81 00000000         ;//    <o.20> Sector 20, 0x1000A000 to 0x1000A7FF
   82 00000000         ;//    <o.21> Sector 21, 0x1000A800 to 0x1000AFFF
   83 00000000         ;//    <o.22> Sector 22, 0x1000B000 to 0x1000B7FF
   84 00000000         ;//    <o.23> Sector 23, 0x1000B800 to 0x1000BFFF



ARM Macro Assembler    Page 3 


   85 00000000         ;//    <o.24> Sector 24, 0x1000C000 to 0x1000C7FF
   86 00000000         ;//    <o.25> Sector 25, 0x1000C800 to 0x1000CFFF
   87 00000000         ;//    <o.26> Sector 26, 0x1000D000 to 0x1000D7FF
   88 00000000         ;//    <o.27> Sector 27, 0x1000D800 to 0x1000DFFF
   89 00000000         ;//    <o.28> Sector 28, 0x1000E000 to 0x1000E7FF
   90 00000000         ;//    <o.29> Sector 29, 0x1000E800 to 0x1000EFFF
   91 00000000         ;//    <o.30> Sector 30, 0x1000F000 to 0x1000F7FF
   92 00000000         ;//    <o.31> Sector 31, 0x1000F800 to 0x1000FFFF
   93 00000000         ;// </h>
   94 00000000 00000000 
                       FLASHSECTOR
                               EQU              0x00000000
   95 00000000 FFFFFFFF 
                       FMWTP0  EQU              ~FLASHSECTOR
   96 00000000         ;// </e>
   97 00000000         
   98 00000000         ;// <e> Configure Option Page 2
   99 00000000 00000001 
                       CONFIGURE_OPTION_2
                               EQU              1
  100 00000000         
  101 00000000         ;// <h> User Data Area 0
  102 00000000         ;//   <o0> Double 0 <0x00000000-0xFFFFFFFF>
  103 00000000         ;//   <o1> Double 1 <0x00000000-0xFFFFFFFF>
  104 00000000         ;//   <o2> Double 2 <0x00000000-0xFFFFFFFF>
  105 00000000         ;//   <o3> Double 3 <0x00000000-0xFFFFFFFF>
  106 00000000         ;//   <o4> Double 4 <0x00000000-0xFFFFFFFF>
  107 00000000         ;//   <o5> Double 5 <0x00000000-0xFFFFFFFF>
  108 00000000         ;//   <o6> Double 6 <0x00000000-0xFFFFFFFF>
  109 00000000         ;//   <o7> Double 7 <0x00000000-0xFFFFFFFF>
  110 00000000         ;//   <o8> Double 8 <0x00000000-0xFFFFFFFF>
  111 00000000         ;//   <o9> Double 9 <0x00000000-0xFFFFFFFF>
  112 00000000         ;//   <o10> Double 10 <0x00000000-0xFFFFFFFF>
  113 00000000         ;//   <o11> Double 11 <0x00000000-0xFFFFFFFF>
  114 00000000         ;//   <o12> Double 12 <0x00000000-0xFFFFFFFF>
  115 00000000         ;//   <o13> Double 13 <0x00000000-0xFFFFFFFF>
  116 00000000         ;//   <o14> Double 14 <0x00000000-0xFFFFFFFF>
  117 00000000         ;//   <o15> Double 15 <0x00000000-0xFFFFFFFF>
  118 00000000         ;//   <o16> Double 16 <0x00000000-0xFFFFFFFF>
  119 00000000         ;//   <o17> Double 17 <0x00000000-0xFFFFFFFF>
  120 00000000         ;//   <o18> Double 18 <0x00000000-0xFFFFFFFF>
  121 00000000         ;//   <o19> Double 19 <0x00000000-0xFFFFFFFF>
  122 00000000         ;//   <o20> Double 20 <0x00000000-0xFFFFFFFF>
  123 00000000         ;//   <o21> Double 21 <0x00000000-0xFFFFFFFF>
  124 00000000         ;//   <o22> Double 22 <0x00000000-0xFFFFFFFF>
  125 00000000         ;//   <o23> Double 23 <0x00000000-0xFFFFFFFF>
  126 00000000         ;//   <o24> Double 24 <0x00000000-0xFFFFFFFF>
  127 00000000         ;//   <o25> Double 25 <0x00000000-0xFFFFFFFF>
  128 00000000         ;//   <o26> Double 26 <0x00000000-0xFFFFFFFF>
  129 00000000         ;//   <o27> Double 27 <0x00000000-0xFFFFFFFF>
  130 00000000         ;//   <o28> Double 28 <0x00000000-0xFFFFFFFF>
  131 00000000         ;//   <o29> Double 29 <0x00000000-0xFFFFFFFF>
  132 00000000         ;//   <o30> Double 30 <0x00000000-0xFFFFFFFF>
  133 00000000         ;//   <o31> Double 31 <0x00000000-0xFFFFFFFF>
  134 00000000         ;// </h>
  135 00000000 E2E2E2E2 
                       AREA0_0 EQU              0xe2e2e2e2
  136 00000000 FFFFFFFF 
                       AREA0_1 EQU              0xFFFFFFFF



ARM Macro Assembler    Page 4 


  137 00000000 FFFFFFFF 
                       AREA0_2 EQU              0xFFFFFFFF
  138 00000000 FFFFFFFF 
                       AREA0_3 EQU              0xFFFFFFFF
  139 00000000 FFFFFFFF 
                       AREA0_4 EQU              0xFFFFFFFF
  140 00000000 FFFFFFFF 
                       AREA0_5 EQU              0xFFFFFFFF
  141 00000000 FFFFFFFF 
                       AREA0_6 EQU              0xFFFFFFFF
  142 00000000 FFFFFFFF 
                       AREA0_7 EQU              0xFFFFFFFF
  143 00000000 FFFFFFFF 
                       AREA0_8 EQU              0xFFFFFFFF
  144 00000000 FFFFFFFF 
                       AREA0_9 EQU              0xFFFFFFFF
  145 00000000 FFFFFFFF 
                       AREA0_10
                               EQU              0xFFFFFFFF
  146 00000000 FFFFFFFF 
                       AREA0_11
                               EQU              0xFFFFFFFF
  147 00000000 FFFFFFFF 
                       AREA0_12
                               EQU              0xFFFFFFFF
  148 00000000 FFFFFFFF 
                       AREA0_13
                               EQU              0xFFFFFFFF
  149 00000000 FFFFFFFF 
                       AREA0_14
                               EQU              0xFFFFFFFF
  150 00000000 FFFFFFFF 
                       AREA0_15
                               EQU              0xFFFFFFFF
  151 00000000 FFFFFFFF 
                       AREA0_16
                               EQU              0xFFFFFFFF
  152 00000000 FFFFFFFF 
                       AREA0_17
                               EQU              0xFFFFFFFF
  153 00000000 FFFFFFFF 
                       AREA0_18
                               EQU              0xFFFFFFFF
  154 00000000 FFFFFFFF 
                       AREA0_19
                               EQU              0xFFFFFFFF
  155 00000000 FFFFFFFF 
                       AREA0_20
                               EQU              0xFFFFFFFF
  156 00000000 FFFFFFFF 
                       AREA0_21
                               EQU              0xFFFFFFFF
  157 00000000 FFFFFFFF 
                       AREA0_22
                               EQU              0xFFFFFFFF
  158 00000000 FFFFFFFF 
                       AREA0_23
                               EQU              0xFFFFFFFF
  159 00000000 FFFFFFFF 



ARM Macro Assembler    Page 5 


                       AREA0_24
                               EQU              0xFFFFFFFF
  160 00000000 FFFFFFFF 
                       AREA0_25
                               EQU              0xFFFFFFFF
  161 00000000 FFFFFFFF 
                       AREA0_26
                               EQU              0xFFFFFFFF
  162 00000000 FFFFFFFF 
                       AREA0_27
                               EQU              0xFFFFFFFF
  163 00000000 FFFFFFFF 
                       AREA0_28
                               EQU              0xFFFFFFFF
  164 00000000 FFFFFFFF 
                       AREA0_29
                               EQU              0xFFFFFFFF
  165 00000000 FFFFFFFF 
                       AREA0_30
                               EQU              0xFFFFFFFF
  166 00000000 E2E2E2E2 
                       AREA0_31
                               EQU              0xe2e2e2e2
  167 00000000         ;// </e>
  168 00000000         
  169 00000000         ;// <e> Configure Option Page 3
  170 00000000 00000001 
                       CONFIGURE_OPTION_3
                               EQU              1
  171 00000000         
  172 00000000         ;// <h> User Data Area 1
  173 00000000         ;//   <o0> Double 0 <0x00000000-0xFFFFFFFF>
  174 00000000         ;//   <o1> Double 1 <0x00000000-0xFFFFFFFF>
  175 00000000         ;//   <o2> Double 2 <0x00000000-0xFFFFFFFF>
  176 00000000         ;//   <o3> Double 3 <0x00000000-0xFFFFFFFF>
  177 00000000         ;//   <o4> Double 4 <0x00000000-0xFFFFFFFF>
  178 00000000         ;//   <o5> Double 5 <0x00000000-0xFFFFFFFF>
  179 00000000         ;//   <o6> Double 6 <0x00000000-0xFFFFFFFF>
  180 00000000         ;//   <o7> Double 7 <0x00000000-0xFFFFFFFF>
  181 00000000         ;//   <o8> Double 8 <0x00000000-0xFFFFFFFF>
  182 00000000         ;//   <o9> Double 9 <0x00000000-0xFFFFFFFF>
  183 00000000         ;//   <o10> Double 10 <0x00000000-0xFFFFFFFF>
  184 00000000         ;//   <o11> Double 11 <0x00000000-0xFFFFFFFF>
  185 00000000         ;//   <o12> Double 12 <0x00000000-0xFFFFFFFF>
  186 00000000         ;//   <o13> Double 13 <0x00000000-0xFFFFFFFF>
  187 00000000         ;//   <o14> Double 14 <0x00000000-0xFFFFFFFF>
  188 00000000         ;//   <o15> Double 15 <0x00000000-0xFFFFFFFF>
  189 00000000         ;//   <o16> Double 16 <0x00000000-0xFFFFFFFF>
  190 00000000         ;//   <o17> Double 17 <0x00000000-0xFFFFFFFF>
  191 00000000         ;//   <o18> Double 18 <0x00000000-0xFFFFFFFF>
  192 00000000         ;//   <o19> Double 19 <0x00000000-0xFFFFFFFF>
  193 00000000         ;//   <o20> Double 20 <0x00000000-0xFFFFFFFF>
  194 00000000         ;//   <o21> Double 21 <0x00000000-0xFFFFFFFF>
  195 00000000         ;//   <o22> Double 22 <0x00000000-0xFFFFFFFF>
  196 00000000         ;//   <o23> Double 23 <0x00000000-0xFFFFFFFF>
  197 00000000         ;//   <o24> Double 24 <0x00000000-0xFFFFFFFF>
  198 00000000         ;//   <o25> Double 25 <0x00000000-0xFFFFFFFF>
  199 00000000         ;//   <o26> Double 26 <0x00000000-0xFFFFFFFF>
  200 00000000         ;//   <o27> Double 27 <0x00000000-0xFFFFFFFF>



ARM Macro Assembler    Page 6 


  201 00000000         ;//   <o28> Double 28 <0x00000000-0xFFFFFFFF>
  202 00000000         ;//   <o29> Double 29 <0x00000000-0xFFFFFFFF>
  203 00000000         ;//   <o30> Double 30 <0x00000000-0xFFFFFFFF>
  204 00000000         ;//   <o31> Double 31 <0x00000000-0xFFFFFFFF>
  205 00000000         ;// </h>
  206 00000000 E3E3E3E3 
                       AREA1_0 EQU              0xe3e3e3e3
  207 00000000 FFFFFFFF 
                       AREA1_1 EQU              0xFFFFFFFF
  208 00000000 FFFFFFFF 
                       AREA1_2 EQU              0xFFFFFFFF
  209 00000000 FFFFFFFF 
                       AREA1_3 EQU              0xFFFFFFFF
  210 00000000 FFFFFFFF 
                       AREA1_4 EQU              0xFFFFFFFF
  211 00000000 FFFFFFFF 
                       AREA1_5 EQU              0xFFFFFFFF
  212 00000000 FFFFFFFF 
                       AREA1_6 EQU              0xFFFFFFFF
  213 00000000 FFFFFFFF 
                       AREA1_7 EQU              0xFFFFFFFF
  214 00000000 FFFFFFFF 
                       AREA1_8 EQU              0xFFFFFFFF
  215 00000000 FFFFFFFF 
                       AREA1_9 EQU              0xFFFFFFFF
  216 00000000 FFFFFFFF 
                       AREA1_10
                               EQU              0xFFFFFFFF
  217 00000000 FFFFFFFF 
                       AREA1_11
                               EQU              0xFFFFFFFF
  218 00000000 FFFFFFFF 
                       AREA1_12
                               EQU              0xFFFFFFFF
  219 00000000 FFFFFFFF 
                       AREA1_13
                               EQU              0xFFFFFFFF
  220 00000000 FFFFFFFF 
                       AREA1_14
                               EQU              0xFFFFFFFF
  221 00000000 FFFFFFFF 
                       AREA1_15
                               EQU              0xFFFFFFFF
  222 00000000 FFFFFFFF 
                       AREA1_16
                               EQU              0xFFFFFFFF
  223 00000000 FFFFFFFF 
                       AREA1_17
                               EQU              0xFFFFFFFF
  224 00000000 FFFFFFFF 
                       AREA1_18
                               EQU              0xFFFFFFFF
  225 00000000 FFFFFFFF 
                       AREA1_19
                               EQU              0xFFFFFFFF
  226 00000000 FFFFFFFF 
                       AREA1_20
                               EQU              0xFFFFFFFF
  227 00000000 FFFFFFFF 



ARM Macro Assembler    Page 7 


                       AREA1_21
                               EQU              0xFFFFFFFF
  228 00000000 FFFFFFFF 
                       AREA1_22
                               EQU              0xFFFFFFFF
  229 00000000 FFFFFFFF 
                       AREA1_23
                               EQU              0xFFFFFFFF
  230 00000000 FFFFFFFF 
                       AREA1_24
                               EQU              0xFFFFFFFF
  231 00000000 FFFFFFFF 
                       AREA1_25
                               EQU              0xFFFFFFFF
  232 00000000 FFFFFFFF 
                       AREA1_26
                               EQU              0xFFFFFFFF
  233 00000000 FFFFFFFF 
                       AREA1_27
                               EQU              0xFFFFFFFF
  234 00000000 FFFFFFFF 
                       AREA1_28
                               EQU              0xFFFFFFFF
  235 00000000 FFFFFFFF 
                       AREA1_29
                               EQU              0xFFFFFFFF
  236 00000000 FFFFFFFF 
                       AREA1_30
                               EQU              0xFFFFFFFF
  237 00000000 E3E3E3E3 
                       AREA1_31
                               EQU              0xe3e3e3e3
  238 00000000         ;// </e>
  239 00000000         
  240 00000000                 IF               CONFIGURE_OPTION_1 <> 0
  241 00000000                 AREA             |.ARM.__AT_0x1FFFF200|, CODE, R
EADONLY
  242 00000000 69C8A273        DCD              RPCNFIG
  243 00000004 FF FF 00 
              00 FF FF 
              00 00            DCW              EX0CNFIG, nEX0CNFIG, EX1CNFIG, 
nEX1CNFIG
  244 0000000C FFFF96DB        DCD              WDTCNFIG
  245 00000010 FFFFAAFF        DCD              LVRCNFIG
  246 00000014 FFFFFFFF        DCD              CNFIGWTP1
  247 00000018 FF FF FF 
              FF FF FF 
              FF FF FF 
              FF FF FF 
              FF FF FF 
              FF FF FF 
              FF FF FF 
              FF FF FF 
              FF FF FF 
              FF FF FF 
              FF FF FF 
              FF FF FF 
              FF FF FF 
              FF               FILL             40,0xFF,1



ARM Macro Assembler    Page 8 


  248 00000040 FFFFFFFF        DCD              FMWTP0
  249 00000044                 ENDIF
  250 00000044         
  251 00000044                 IF               CONFIGURE_OPTION_2 <> 0
  252 00000044                 AREA             |.ARM.__AT_0x1FFFF400|, CODE, R
EADONLY
  253 00000000 E2E2E2E2 
              FFFFFFFF 
              FFFFFFFF 
              FFFFFFFF 
              FFFFFFFF 
              FFFFFFFF 
              FFFFFFFF 
              FFFFFFFF         DCD              AREA0_0, AREA0_1, AREA0_2, AREA
0_3, AREA0_4, AREA0_5, AREA0_6, AREA0_7
  254 00000020 FFFFFFFF 
              FFFFFFFF 
              FFFFFFFF 
              FFFFFFFF 
              FFFFFFFF 
              FFFFFFFF 
              FFFFFFFF 
              FFFFFFFF         DCD              AREA0_8, AREA0_9, AREA0_10, ARE
A0_11, AREA0_12, AREA0_13, AREA0_14, AREA0_15
  255 00000040 FFFFFFFF 
              FFFFFFFF 
              FFFFFFFF 
              FFFFFFFF 
              FFFFFFFF 
              FFFFFFFF 
              FFFFFFFF 
              FFFFFFFF         DCD              AREA0_16, AREA0_17, AREA0_18, A
REA0_19, AREA0_20, AREA0_21, AREA0_22, AREA0_23
  256 00000060 FFFFFFFF 
              FFFFFFFF 
              FFFFFFFF 
              FFFFFFFF 
              FFFFFFFF 
              FFFFFFFF 
              FFFFFFFF 
              E2E2E2E2         DCD              AREA0_24, AREA0_25, AREA0_26, A
REA0_27, AREA0_28, AREA0_29, AREA0_30, AREA0_31
  257 00000080                 ENDIF
  258 00000080         
  259 00000080                 IF               CONFIGURE_OPTION_3 <> 0
  260 00000080                 AREA             |.ARM.__AT_0x1FFFF600|, CODE, R
EADONLY
  261 00000000 E3E3E3E3 
              FFFFFFFF 
              FFFFFFFF 
              FFFFFFFF 
              FFFFFFFF 
              FFFFFFFF 
              FFFFFFFF 
              FFFFFFFF         DCD              AREA1_0, AREA1_1, AREA1_2, AREA
1_3, AREA1_4, AREA1_5, AREA1_6, AREA1_7
  262 00000020 FFFFFFFF 
              FFFFFFFF 
              FFFFFFFF 



ARM Macro Assembler    Page 9 


              FFFFFFFF 
              FFFFFFFF 
              FFFFFFFF 
              FFFFFFFF 
              FFFFFFFF         DCD              AREA1_8, AREA1_9, AREA1_10, ARE
A1_11, AREA1_12, AREA1_13, AREA1_14, AREA1_15
  263 00000040 FFFFFFFF 
              FFFFFFFF 
              FFFFFFFF 
              FFFFFFFF 
              FFFFFFFF 
              FFFFFFFF 
              FFFFFFFF 
              FFFFFFFF         DCD              AREA1_16, AREA1_17, AREA1_18, A
REA1_19, AREA1_20, AREA1_21, AREA1_22, AREA1_23
  264 00000060 FFFFFFFF 
              FFFFFFFF 
              FFFFFFFF 
              FFFFFFFF 
              FFFFFFFF 
              FFFFFFFF 
              FFFFFFFF 
              E3E3E3E3         DCD              AREA1_24, AREA1_25, AREA1_26, A
REA1_27, AREA1_28, AREA1_29, AREA1_30, AREA1_31
  265 00000080                 ENDIF
  266 00000080         
  267 00000080                 END
Command Line: --debug --xref --diag_suppress=9931 --cpu=Cortex-M0+ --apcs=inter
work --depend=.\objects\option_a31l12x.d -o.\objects\option_a31l12x.o -I.\RTE\_
Target_1 -IC:\Users\sdjung\AppData\Local\Arm\Packs\ARM\CMSIS\5.8.0\CMSIS\Core\I
nclude -IC:\Users\sdjung\AppData\Local\Arm\Packs\ARM\CMSIS\5.8.0\Device\ARM\ARM
CM0plus\Include --predefine="__UVISION_VERSION SETA 536" --predefine="_RTE_ SET
A 1" --predefine="ARMCM0P SETA 1" --predefine="_RTE_ SETA 1" --list=.\listings\
option_a31l12x.lst ..\..\..\..\Option\KEIL\option_A31L12x.s



ARM Macro Assembler    Page 1 Alphabetic symbol ordering
Relocatable symbols

.ARM.__AT_0x1FFFF200 00000000

Symbol: .ARM.__AT_0x1FFFF200
   Definitions
      At line 241 in file ..\..\..\..\Option\KEIL\option_A31L12x.s
   Uses
      None
Comment: .ARM.__AT_0x1FFFF200 unused
1 symbol



ARM Macro Assembler    Page 1 Alphabetic symbol ordering
Relocatable symbols

.ARM.__AT_0x1FFFF400 00000000

Symbol: .ARM.__AT_0x1FFFF400
   Definitions
      At line 252 in file ..\..\..\..\Option\KEIL\option_A31L12x.s
   Uses
      None
Comment: .ARM.__AT_0x1FFFF400 unused
1 symbol



ARM Macro Assembler    Page 1 Alphabetic symbol ordering
Relocatable symbols

.ARM.__AT_0x1FFFF600 00000000

Symbol: .ARM.__AT_0x1FFFF600
   Definitions
      At line 260 in file ..\..\..\..\Option\KEIL\option_A31L12x.s
   Uses
      None
Comment: .ARM.__AT_0x1FFFF600 unused
1 symbol



ARM Macro Assembler    Page 1 Alphabetic symbol ordering
Absolute symbols

AREA0_0 E2E2E2E2

Symbol: AREA0_0
   Definitions
      At line 135 in file ..\..\..\..\Option\KEIL\option_A31L12x.s
   Uses
      At line 253 in file ..\..\..\..\Option\KEIL\option_A31L12x.s
Comment: AREA0_0 used once
AREA0_1 FFFFFFFF

Symbol: AREA0_1
   Definitions
      At line 136 in file ..\..\..\..\Option\KEIL\option_A31L12x.s
   Uses
      At line 253 in file ..\..\..\..\Option\KEIL\option_A31L12x.s
Comment: AREA0_1 used once
AREA0_10 FFFFFFFF

Symbol: AREA0_10
   Definitions
      At line 145 in file ..\..\..\..\Option\KEIL\option_A31L12x.s
   Uses
      At line 254 in file ..\..\..\..\Option\KEIL\option_A31L12x.s
Comment: AREA0_10 used once
AREA0_11 FFFFFFFF

Symbol: AREA0_11
   Definitions
      At line 146 in file ..\..\..\..\Option\KEIL\option_A31L12x.s
   Uses
      At line 254 in file ..\..\..\..\Option\KEIL\option_A31L12x.s
Comment: AREA0_11 used once
AREA0_12 FFFFFFFF

Symbol: AREA0_12
   Definitions
      At line 147 in file ..\..\..\..\Option\KEIL\option_A31L12x.s
   Uses
      At line 254 in file ..\..\..\..\Option\KEIL\option_A31L12x.s
Comment: AREA0_12 used once
AREA0_13 FFFFFFFF

Symbol: AREA0_13
   Definitions
      At line 148 in file ..\..\..\..\Option\KEIL\option_A31L12x.s
   Uses
      At line 254 in file ..\..\..\..\Option\KEIL\option_A31L12x.s
Comment: AREA0_13 used once
AREA0_14 FFFFFFFF

Symbol: AREA0_14
   Definitions
      At line 149 in file ..\..\..\..\Option\KEIL\option_A31L12x.s
   Uses
      At line 254 in file ..\..\..\..\Option\KEIL\option_A31L12x.s
Comment: AREA0_14 used once
AREA0_15 FFFFFFFF

Symbol: AREA0_15



ARM Macro Assembler    Page 2 Alphabetic symbol ordering
Absolute symbols

   Definitions
      At line 150 in file ..\..\..\..\Option\KEIL\option_A31L12x.s
   Uses
      At line 254 in file ..\..\..\..\Option\KEIL\option_A31L12x.s
Comment: AREA0_15 used once
AREA0_16 FFFFFFFF

Symbol: AREA0_16
   Definitions
      At line 151 in file ..\..\..\..\Option\KEIL\option_A31L12x.s
   Uses
      At line 255 in file ..\..\..\..\Option\KEIL\option_A31L12x.s
Comment: AREA0_16 used once
AREA0_17 FFFFFFFF

Symbol: AREA0_17
   Definitions
      At line 152 in file ..\..\..\..\Option\KEIL\option_A31L12x.s
   Uses
      At line 255 in file ..\..\..\..\Option\KEIL\option_A31L12x.s
Comment: AREA0_17 used once
AREA0_18 FFFFFFFF

Symbol: AREA0_18
   Definitions
      At line 153 in file ..\..\..\..\Option\KEIL\option_A31L12x.s
   Uses
      At line 255 in file ..\..\..\..\Option\KEIL\option_A31L12x.s
Comment: AREA0_18 used once
AREA0_19 FFFFFFFF

Symbol: AREA0_19
   Definitions
      At line 154 in file ..\..\..\..\Option\KEIL\option_A31L12x.s
   Uses
      At line 255 in file ..\..\..\..\Option\KEIL\option_A31L12x.s
Comment: AREA0_19 used once
AREA0_2 FFFFFFFF

Symbol: AREA0_2
   Definitions
      At line 137 in file ..\..\..\..\Option\KEIL\option_A31L12x.s
   Uses
      At line 253 in file ..\..\..\..\Option\KEIL\option_A31L12x.s
Comment: AREA0_2 used once
AREA0_20 FFFFFFFF

Symbol: AREA0_20
   Definitions
      At line 155 in file ..\..\..\..\Option\KEIL\option_A31L12x.s
   Uses
      At line 255 in file ..\..\..\..\Option\KEIL\option_A31L12x.s
Comment: AREA0_20 used once
AREA0_21 FFFFFFFF

Symbol: AREA0_21
   Definitions
      At line 156 in file ..\..\..\..\Option\KEIL\option_A31L12x.s
   Uses



ARM Macro Assembler    Page 3 Alphabetic symbol ordering
Absolute symbols

      At line 255 in file ..\..\..\..\Option\KEIL\option_A31L12x.s
Comment: AREA0_21 used once
AREA0_22 FFFFFFFF

Symbol: AREA0_22
   Definitions
      At line 157 in file ..\..\..\..\Option\KEIL\option_A31L12x.s
   Uses
      At line 255 in file ..\..\..\..\Option\KEIL\option_A31L12x.s
Comment: AREA0_22 used once
AREA0_23 FFFFFFFF

Symbol: AREA0_23
   Definitions
      At line 158 in file ..\..\..\..\Option\KEIL\option_A31L12x.s
   Uses
      At line 255 in file ..\..\..\..\Option\KEIL\option_A31L12x.s
Comment: AREA0_23 used once
AREA0_24 FFFFFFFF

Symbol: AREA0_24
   Definitions
      At line 159 in file ..\..\..\..\Option\KEIL\option_A31L12x.s
   Uses
      At line 256 in file ..\..\..\..\Option\KEIL\option_A31L12x.s
Comment: AREA0_24 used once
AREA0_25 FFFFFFFF

Symbol: AREA0_25
   Definitions
      At line 160 in file ..\..\..\..\Option\KEIL\option_A31L12x.s
   Uses
      At line 256 in file ..\..\..\..\Option\KEIL\option_A31L12x.s
Comment: AREA0_25 used once
AREA0_26 FFFFFFFF

Symbol: AREA0_26
   Definitions
      At line 161 in file ..\..\..\..\Option\KEIL\option_A31L12x.s
   Uses
      At line 256 in file ..\..\..\..\Option\KEIL\option_A31L12x.s
Comment: AREA0_26 used once
AREA0_27 FFFFFFFF

Symbol: AREA0_27
   Definitions
      At line 162 in file ..\..\..\..\Option\KEIL\option_A31L12x.s
   Uses
      At line 256 in file ..\..\..\..\Option\KEIL\option_A31L12x.s
Comment: AREA0_27 used once
AREA0_28 FFFFFFFF

Symbol: AREA0_28
   Definitions
      At line 163 in file ..\..\..\..\Option\KEIL\option_A31L12x.s
   Uses
      At line 256 in file ..\..\..\..\Option\KEIL\option_A31L12x.s
Comment: AREA0_28 used once
AREA0_29 FFFFFFFF



ARM Macro Assembler    Page 4 Alphabetic symbol ordering
Absolute symbols


Symbol: AREA0_29
   Definitions
      At line 164 in file ..\..\..\..\Option\KEIL\option_A31L12x.s
   Uses
      At line 256 in file ..\..\..\..\Option\KEIL\option_A31L12x.s
Comment: AREA0_29 used once
AREA0_3 FFFFFFFF

Symbol: AREA0_3
   Definitions
      At line 138 in file ..\..\..\..\Option\KEIL\option_A31L12x.s
   Uses
      At line 253 in file ..\..\..\..\Option\KEIL\option_A31L12x.s
Comment: AREA0_3 used once
AREA0_30 FFFFFFFF

Symbol: AREA0_30
   Definitions
      At line 165 in file ..\..\..\..\Option\KEIL\option_A31L12x.s
   Uses
      At line 256 in file ..\..\..\..\Option\KEIL\option_A31L12x.s
Comment: AREA0_30 used once
AREA0_31 E2E2E2E2

Symbol: AREA0_31
   Definitions
      At line 166 in file ..\..\..\..\Option\KEIL\option_A31L12x.s
   Uses
      At line 256 in file ..\..\..\..\Option\KEIL\option_A31L12x.s
Comment: AREA0_31 used once
AREA0_4 FFFFFFFF

Symbol: AREA0_4
   Definitions
      At line 139 in file ..\..\..\..\Option\KEIL\option_A31L12x.s
   Uses
      At line 253 in file ..\..\..\..\Option\KEIL\option_A31L12x.s
Comment: AREA0_4 used once
AREA0_5 FFFFFFFF

Symbol: AREA0_5
   Definitions
      At line 140 in file ..\..\..\..\Option\KEIL\option_A31L12x.s
   Uses
      At line 253 in file ..\..\..\..\Option\KEIL\option_A31L12x.s
Comment: AREA0_5 used once
AREA0_6 FFFFFFFF

Symbol: AREA0_6
   Definitions
      At line 141 in file ..\..\..\..\Option\KEIL\option_A31L12x.s
   Uses
      At line 253 in file ..\..\..\..\Option\KEIL\option_A31L12x.s
Comment: AREA0_6 used once
AREA0_7 FFFFFFFF

Symbol: AREA0_7
   Definitions



ARM Macro Assembler    Page 5 Alphabetic symbol ordering
Absolute symbols

      At line 142 in file ..\..\..\..\Option\KEIL\option_A31L12x.s
   Uses
      At line 253 in file ..\..\..\..\Option\KEIL\option_A31L12x.s
Comment: AREA0_7 used once
AREA0_8 FFFFFFFF

Symbol: AREA0_8
   Definitions
      At line 143 in file ..\..\..\..\Option\KEIL\option_A31L12x.s
   Uses
      At line 254 in file ..\..\..\..\Option\KEIL\option_A31L12x.s
Comment: AREA0_8 used once
AREA0_9 FFFFFFFF

Symbol: AREA0_9
   Definitions
      At line 144 in file ..\..\..\..\Option\KEIL\option_A31L12x.s
   Uses
      At line 254 in file ..\..\..\..\Option\KEIL\option_A31L12x.s
Comment: AREA0_9 used once
AREA1_0 E3E3E3E3

Symbol: AREA1_0
   Definitions
      At line 206 in file ..\..\..\..\Option\KEIL\option_A31L12x.s
   Uses
      At line 261 in file ..\..\..\..\Option\KEIL\option_A31L12x.s
Comment: AREA1_0 used once
AREA1_1 FFFFFFFF

Symbol: AREA1_1
   Definitions
      At line 207 in file ..\..\..\..\Option\KEIL\option_A31L12x.s
   Uses
      At line 261 in file ..\..\..\..\Option\KEIL\option_A31L12x.s
Comment: AREA1_1 used once
AREA1_10 FFFFFFFF

Symbol: AREA1_10
   Definitions
      At line 216 in file ..\..\..\..\Option\KEIL\option_A31L12x.s
   Uses
      At line 262 in file ..\..\..\..\Option\KEIL\option_A31L12x.s
Comment: AREA1_10 used once
AREA1_11 FFFFFFFF

Symbol: AREA1_11
   Definitions
      At line 217 in file ..\..\..\..\Option\KEIL\option_A31L12x.s
   Uses
      At line 262 in file ..\..\..\..\Option\KEIL\option_A31L12x.s
Comment: AREA1_11 used once
AREA1_12 FFFFFFFF

Symbol: AREA1_12
   Definitions
      At line 218 in file ..\..\..\..\Option\KEIL\option_A31L12x.s
   Uses
      At line 262 in file ..\..\..\..\Option\KEIL\option_A31L12x.s



ARM Macro Assembler    Page 6 Alphabetic symbol ordering
Absolute symbols

Comment: AREA1_12 used once
AREA1_13 FFFFFFFF

Symbol: AREA1_13
   Definitions
      At line 219 in file ..\..\..\..\Option\KEIL\option_A31L12x.s
   Uses
      At line 262 in file ..\..\..\..\Option\KEIL\option_A31L12x.s
Comment: AREA1_13 used once
AREA1_14 FFFFFFFF

Symbol: AREA1_14
   Definitions
      At line 220 in file ..\..\..\..\Option\KEIL\option_A31L12x.s
   Uses
      At line 262 in file ..\..\..\..\Option\KEIL\option_A31L12x.s
Comment: AREA1_14 used once
AREA1_15 FFFFFFFF

Symbol: AREA1_15
   Definitions
      At line 221 in file ..\..\..\..\Option\KEIL\option_A31L12x.s
   Uses
      At line 262 in file ..\..\..\..\Option\KEIL\option_A31L12x.s
Comment: AREA1_15 used once
AREA1_16 FFFFFFFF

Symbol: AREA1_16
   Definitions
      At line 222 in file ..\..\..\..\Option\KEIL\option_A31L12x.s
   Uses
      At line 263 in file ..\..\..\..\Option\KEIL\option_A31L12x.s
Comment: AREA1_16 used once
AREA1_17 FFFFFFFF

Symbol: AREA1_17
   Definitions
      At line 223 in file ..\..\..\..\Option\KEIL\option_A31L12x.s
   Uses
      At line 263 in file ..\..\..\..\Option\KEIL\option_A31L12x.s
Comment: AREA1_17 used once
AREA1_18 FFFFFFFF

Symbol: AREA1_18
   Definitions
      At line 224 in file ..\..\..\..\Option\KEIL\option_A31L12x.s
   Uses
      At line 263 in file ..\..\..\..\Option\KEIL\option_A31L12x.s
Comment: AREA1_18 used once
AREA1_19 FFFFFFFF

Symbol: AREA1_19
   Definitions
      At line 225 in file ..\..\..\..\Option\KEIL\option_A31L12x.s
   Uses
      At line 263 in file ..\..\..\..\Option\KEIL\option_A31L12x.s
Comment: AREA1_19 used once
AREA1_2 FFFFFFFF




ARM Macro Assembler    Page 7 Alphabetic symbol ordering
Absolute symbols

Symbol: AREA1_2
   Definitions
      At line 208 in file ..\..\..\..\Option\KEIL\option_A31L12x.s
   Uses
      At line 261 in file ..\..\..\..\Option\KEIL\option_A31L12x.s
Comment: AREA1_2 used once
AREA1_20 FFFFFFFF

Symbol: AREA1_20
   Definitions
      At line 226 in file ..\..\..\..\Option\KEIL\option_A31L12x.s
   Uses
      At line 263 in file ..\..\..\..\Option\KEIL\option_A31L12x.s
Comment: AREA1_20 used once
AREA1_21 FFFFFFFF

Symbol: AREA1_21
   Definitions
      At line 227 in file ..\..\..\..\Option\KEIL\option_A31L12x.s
   Uses
      At line 263 in file ..\..\..\..\Option\KEIL\option_A31L12x.s
Comment: AREA1_21 used once
AREA1_22 FFFFFFFF

Symbol: AREA1_22
   Definitions
      At line 228 in file ..\..\..\..\Option\KEIL\option_A31L12x.s
   Uses
      At line 263 in file ..\..\..\..\Option\KEIL\option_A31L12x.s
Comment: AREA1_22 used once
AREA1_23 FFFFFFFF

Symbol: AREA1_23
   Definitions
      At line 229 in file ..\..\..\..\Option\KEIL\option_A31L12x.s
   Uses
      At line 263 in file ..\..\..\..\Option\KEIL\option_A31L12x.s
Comment: AREA1_23 used once
AREA1_24 FFFFFFFF

Symbol: AREA1_24
   Definitions
      At line 230 in file ..\..\..\..\Option\KEIL\option_A31L12x.s
   Uses
      At line 264 in file ..\..\..\..\Option\KEIL\option_A31L12x.s
Comment: AREA1_24 used once
AREA1_25 FFFFFFFF

Symbol: AREA1_25
   Definitions
      At line 231 in file ..\..\..\..\Option\KEIL\option_A31L12x.s
   Uses
      At line 264 in file ..\..\..\..\Option\KEIL\option_A31L12x.s
Comment: AREA1_25 used once
AREA1_26 FFFFFFFF

Symbol: AREA1_26
   Definitions
      At line 232 in file ..\..\..\..\Option\KEIL\option_A31L12x.s



ARM Macro Assembler    Page 8 Alphabetic symbol ordering
Absolute symbols

   Uses
      At line 264 in file ..\..\..\..\Option\KEIL\option_A31L12x.s
Comment: AREA1_26 used once
AREA1_27 FFFFFFFF

Symbol: AREA1_27
   Definitions
      At line 233 in file ..\..\..\..\Option\KEIL\option_A31L12x.s
   Uses
      At line 264 in file ..\..\..\..\Option\KEIL\option_A31L12x.s
Comment: AREA1_27 used once
AREA1_28 FFFFFFFF

Symbol: AREA1_28
   Definitions
      At line 234 in file ..\..\..\..\Option\KEIL\option_A31L12x.s
   Uses
      At line 264 in file ..\..\..\..\Option\KEIL\option_A31L12x.s
Comment: AREA1_28 used once
AREA1_29 FFFFFFFF

Symbol: AREA1_29
   Definitions
      At line 235 in file ..\..\..\..\Option\KEIL\option_A31L12x.s
   Uses
      At line 264 in file ..\..\..\..\Option\KEIL\option_A31L12x.s
Comment: AREA1_29 used once
AREA1_3 FFFFFFFF

Symbol: AREA1_3
   Definitions
      At line 209 in file ..\..\..\..\Option\KEIL\option_A31L12x.s
   Uses
      At line 261 in file ..\..\..\..\Option\KEIL\option_A31L12x.s
Comment: AREA1_3 used once
AREA1_30 FFFFFFFF

Symbol: AREA1_30
   Definitions
      At line 236 in file ..\..\..\..\Option\KEIL\option_A31L12x.s
   Uses
      At line 264 in file ..\..\..\..\Option\KEIL\option_A31L12x.s
Comment: AREA1_30 used once
AREA1_31 E3E3E3E3

Symbol: AREA1_31
   Definitions
      At line 237 in file ..\..\..\..\Option\KEIL\option_A31L12x.s
   Uses
      At line 264 in file ..\..\..\..\Option\KEIL\option_A31L12x.s
Comment: AREA1_31 used once
AREA1_4 FFFFFFFF

Symbol: AREA1_4
   Definitions
      At line 210 in file ..\..\..\..\Option\KEIL\option_A31L12x.s
   Uses
      At line 261 in file ..\..\..\..\Option\KEIL\option_A31L12x.s
Comment: AREA1_4 used once



ARM Macro Assembler    Page 9 Alphabetic symbol ordering
Absolute symbols

AREA1_5 FFFFFFFF

Symbol: AREA1_5
   Definitions
      At line 211 in file ..\..\..\..\Option\KEIL\option_A31L12x.s
   Uses
      At line 261 in file ..\..\..\..\Option\KEIL\option_A31L12x.s
Comment: AREA1_5 used once
AREA1_6 FFFFFFFF

Symbol: AREA1_6
   Definitions
      At line 212 in file ..\..\..\..\Option\KEIL\option_A31L12x.s
   Uses
      At line 261 in file ..\..\..\..\Option\KEIL\option_A31L12x.s
Comment: AREA1_6 used once
AREA1_7 FFFFFFFF

Symbol: AREA1_7
   Definitions
      At line 213 in file ..\..\..\..\Option\KEIL\option_A31L12x.s
   Uses
      At line 261 in file ..\..\..\..\Option\KEIL\option_A31L12x.s
Comment: AREA1_7 used once
AREA1_8 FFFFFFFF

Symbol: AREA1_8
   Definitions
      At line 214 in file ..\..\..\..\Option\KEIL\option_A31L12x.s
   Uses
      At line 262 in file ..\..\..\..\Option\KEIL\option_A31L12x.s
Comment: AREA1_8 used once
AREA1_9 FFFFFFFF

Symbol: AREA1_9
   Definitions
      At line 215 in file ..\..\..\..\Option\KEIL\option_A31L12x.s
   Uses
      At line 262 in file ..\..\..\..\Option\KEIL\option_A31L12x.s
Comment: AREA1_9 used once
CNFIGWTP1 FFFFFFFF

Symbol: CNFIGWTP1
   Definitions
      At line 58 in file ..\..\..\..\Option\KEIL\option_A31L12x.s
   Uses
      At line 246 in file ..\..\..\..\Option\KEIL\option_A31L12x.s
Comment: CNFIGWTP1 used once
CONFIGURE_OPTION_1 00000001

Symbol: CONFIGURE_OPTION_1
   Definitions
      At line 15 in file ..\..\..\..\Option\KEIL\option_A31L12x.s
   Uses
      At line 240 in file ..\..\..\..\Option\KEIL\option_A31L12x.s
Comment: CONFIGURE_OPTION_1 used once
CONFIGURE_OPTION_2 00000001

Symbol: CONFIGURE_OPTION_2



ARM Macro Assembler    Page 10 Alphabetic symbol ordering
Absolute symbols

   Definitions
      At line 99 in file ..\..\..\..\Option\KEIL\option_A31L12x.s
   Uses
      At line 251 in file ..\..\..\..\Option\KEIL\option_A31L12x.s
Comment: CONFIGURE_OPTION_2 used once
CONFIGURE_OPTION_3 00000001

Symbol: CONFIGURE_OPTION_3
   Definitions
      At line 170 in file ..\..\..\..\Option\KEIL\option_A31L12x.s
   Uses
      At line 259 in file ..\..\..\..\Option\KEIL\option_A31L12x.s
Comment: CONFIGURE_OPTION_3 used once
EX0CNFIG 0000FFFF

Symbol: EX0CNFIG
   Definitions
      At line 27 in file ..\..\..\..\Option\KEIL\option_A31L12x.s
   Uses
      At line 29 in file ..\..\..\..\Option\KEIL\option_A31L12x.s
      At line 243 in file ..\..\..\..\Option\KEIL\option_A31L12x.s

EX1CNFIG 0000FFFF

Symbol: EX1CNFIG
   Definitions
      At line 28 in file ..\..\..\..\Option\KEIL\option_A31L12x.s
   Uses
      At line 30 in file ..\..\..\..\Option\KEIL\option_A31L12x.s
      At line 243 in file ..\..\..\..\Option\KEIL\option_A31L12x.s

FLASHSECTOR 00000000

Symbol: FLASHSECTOR
   Definitions
      At line 94 in file ..\..\..\..\Option\KEIL\option_A31L12x.s
   Uses
      At line 95 in file ..\..\..\..\Option\KEIL\option_A31L12x.s
Comment: FLASHSECTOR used once
FMWTP0 FFFFFFFF

Symbol: FMWTP0
   Definitions
      At line 95 in file ..\..\..\..\Option\KEIL\option_A31L12x.s
   Uses
      At line 248 in file ..\..\..\..\Option\KEIL\option_A31L12x.s
Comment: FMWTP0 used once
LVRCNFIG FFFFAAFF

Symbol: LVRCNFIG
   Definitions
      At line 50 in file ..\..\..\..\Option\KEIL\option_A31L12x.s
   Uses
      At line 245 in file ..\..\..\..\Option\KEIL\option_A31L12x.s
Comment: LVRCNFIG used once
OPTIONPAGE 00000000

Symbol: OPTIONPAGE
   Definitions



ARM Macro Assembler    Page 11 Alphabetic symbol ordering
Absolute symbols

      At line 57 in file ..\..\..\..\Option\KEIL\option_A31L12x.s
   Uses
      At line 58 in file ..\..\..\..\Option\KEIL\option_A31L12x.s
Comment: OPTIONPAGE used once
RPCNFIG 69C8A273

Symbol: RPCNFIG
   Definitions
      At line 21 in file ..\..\..\..\Option\KEIL\option_A31L12x.s
   Uses
      At line 242 in file ..\..\..\..\Option\KEIL\option_A31L12x.s
Comment: RPCNFIG used once
WDTCNFIG FFFF96DB

Symbol: WDTCNFIG
   Definitions
      At line 42 in file ..\..\..\..\Option\KEIL\option_A31L12x.s
   Uses
      At line 244 in file ..\..\..\..\Option\KEIL\option_A31L12x.s
Comment: WDTCNFIG used once
nEX0CNFIG 00000000

Symbol: nEX0CNFIG
   Definitions
      At line 29 in file ..\..\..\..\Option\KEIL\option_A31L12x.s
   Uses
      At line 243 in file ..\..\..\..\Option\KEIL\option_A31L12x.s
Comment: nEX0CNFIG used once
nEX1CNFIG 00000000

Symbol: nEX1CNFIG
   Definitions
      At line 30 in file ..\..\..\..\Option\KEIL\option_A31L12x.s
   Uses
      At line 243 in file ..\..\..\..\Option\KEIL\option_A31L12x.s
Comment: nEX1CNFIG used once
78 symbols
414 symbols in table
