


ARM Macro Assembler    Page 1 


    1 00000000         ;/******************************************************
                       ********************//**
    2 00000000         ; * @file     startup_A31L12x.s
    3 00000000         ; * @brief    CMSIS Core Device Startup File for
    4 00000000         ; *           A31L12x Device Series
    5 00000000         ; * @version  V5.00
    6 00000000         ; * @date     02. March 2016
    7 00000000         ; ******************************************************
                       ************************/
    8 00000000         ;/*
    9 00000000         ; * Copyright (c) 2009-2016 ARM Limited. All rights rese
                       rved.
   10 00000000         ; *
   11 00000000         ; * SPDX-License-Identifier: Apache-2.0
   12 00000000         ; *
   13 00000000         ; * Licensed under the Apache License, Version 2.0 (the 
                       License); you may
   14 00000000         ; * not use this file except in compliance with the Lice
                       nse.
   15 00000000         ; * You may obtain a copy of the License at
   16 00000000         ; *
   17 00000000         ; * www.apache.org/licenses/LICENSE-2.0
   18 00000000         ; *
   19 00000000         ; * Unless required by applicable law or agreed to in wr
                       iting, software
   20 00000000         ; * distributed under the License is distributed on an A
                       S IS BASIS, WITHOUT
   21 00000000         ; * WARRANTIES OR CONDITIONS OF ANY KIND, either express
                        or implied.
   22 00000000         ; * See the License for the specific language governing 
                       permissions and
   23 00000000         ; * limitations under the License.
   24 00000000         ; */
   25 00000000         
   26 00000000         ;/*
   27 00000000         ;//-------- <<< Use Configuration Wizard in Context Menu
                        >>> ------------------
   28 00000000         ;*/
   29 00000000         
   30 00000000         
   31 00000000         ; <h> Stack Configuration
   32 00000000         ;   <o> Stack Size (in Bytes) <0x0-0xFFFFFFFF:8>
   33 00000000         ; </h>
   34 00000000         
   35 00000000 00000200 
                       Stack_Size
                               EQU              0x00000200
   36 00000000         
   37 00000000                 AREA             STACK, NOINIT, READWRITE, ALIGN
=3
   38 00000000         Stack_Mem
                               SPACE            Stack_Size
   39 00000200         __initial_sp
   40 00000200         
   41 00000200         
   42 00000200         ; <h> Heap Configuration
   43 00000200         ;   <o>  Heap Size (in Bytes) <0x0-0xFFFFFFFF:8>
   44 00000200         ; </h>
   45 00000200         



ARM Macro Assembler    Page 2 


   46 00000200 00000100 
                       Heap_Size
                               EQU              0x00000100
   47 00000200         
   48 00000200                 AREA             HEAP, NOINIT, READWRITE, ALIGN=
3
   49 00000000         __heap_base
   50 00000000         Heap_Mem
                               SPACE            Heap_Size
   51 00000100         __heap_limit
   52 00000100         
   53 00000100         
   54 00000100                 PRESERVE8
   55 00000100                 THUMB
   56 00000100         
   57 00000100         
   58 00000100         ; Vector Table Mapped to Address 0 at Reset
   59 00000100         
   60 00000100                 AREA             RESET, DATA, READONLY
   61 00000000                 EXPORT           __Vectors
   62 00000000                 EXPORT           __Vectors_End
   63 00000000                 EXPORT           __Vectors_Size
   64 00000000         
   65 00000000 00000000 
                       __Vectors
                               DCD              __initial_sp ; Top of Stack
   66 00000004 00000000        DCD              Reset_Handler ; Reset Handler
   67 00000008 00000000        DCD              NMI_Handler ; NMI Handler
   68 0000000C 00000000        DCD              HardFault_Handler ; Hard Fault 
                                                            Handler
   69 00000010 00000000        DCD              0           ; Reserved
   70 00000014 00000000        DCD              0           ; Reserved
   71 00000018 00000000        DCD              0           ; Reserved
   72 0000001C 00000000        DCD              0           ; Reserved
   73 00000020 00000000        DCD              0           ; Reserved
   74 00000024 00000000        DCD              0           ; Reserved
   75 00000028 00000000        DCD              0           ; Reserved
   76 0000002C 00000000        DCD              SVC_Handler ; SVCall Handler
   77 00000030 00000000        DCD              0           ; Reserved
   78 00000034 00000000        DCD              0           ; Reserved
   79 00000038 00000000        DCD              PendSV_Handler ; PendSV Handler
                                                            
   80 0000003C 00000000        DCD              SysTick_Handler 
                                                            ; SysTick Handler
   81 00000040         
   82 00000040         ; External Interrupts
   83 00000040 00000000        DCD              LVI_Handler ; IRQ 0
   84 00000044 00000000        DCD              WUT_Handler ; IRQ 1
   85 00000048 00000000        DCD              WDT_Handler ; IRQ 2
   86 0000004C 00000000        DCD              EINT0_Handler ; IRQ 3
   87 00000050 00000000        DCD              EINT1_Handler ; IRQ 4
   88 00000054 00000000        DCD              EINT2_Handler ; IRQ 5
   89 00000058 00000000        DCD              EINT3_Handler ; IRQ 6
   90 0000005C 00000000        DCD              TIMER40_Handler ; IRQ 7
   91 00000060 00000000        DCD              TIMER41_Handler ; IRQ 8
   92 00000064 00000000        DCD              TIMER42_Handler ; IRQ 9
   93 00000068 00000000        DCD              I2C0_Handler ; IRQ 10
   94 0000006C 00000000        DCD              USART10_Handler ; IRQ 11
   95 00000070 00000000        DCD              SPI0_Handler ; IRQ 12



ARM Macro Assembler    Page 3 


   96 00000074 00000000        DCD              SPI1_Handler ; IRQ 13
   97 00000078 00000000        DCD              I2C1_Handler ; IRQ 14
   98 0000007C 00000000        DCD              TIMER50_Handler ; IRQ 15
   99 00000080 00000000        DCD              SC0_Handler ; IRQ 16
  100 00000084 00000000        DCD              SC1_Handler ; IRQ 17
  101 00000088 00000000        DCD              ADC_Handler ; IRQ 18
  102 0000008C 00000000        DCD              UART0_Handler ; IRQ 19
  103 00000090 00000000        DCD              UART1_Handler ; IRQ 20
  104 00000094 00000000        DCD              TIMER43_Handler ; IRQ 21
  105 00000098 00000000        DCD              CMPn_Handler ; IRQ 22
  106 0000009C 00000000        DCD              DMAC0_Handler ; IRQ 23
  107 000000A0 00000000        DCD              DMAC1_Handler ; IRQ 24
  108 000000A4 00000000        DCD              LPUART_Handler ; IRQ 25
  109 000000A8 00000000        DCD              0           ; IRQ 26
  110 000000AC 00000000        DCD              0           ; IRQ 27
  111 000000B0 00000000        DCD              RTCC_Handler ; IRQ 28
  112 000000B4 00000000        DCD              DMAC2_Handler ; IRQ 29
  113 000000B8 00000000        DCD              DMAC3_Handler ; IRQ 30
  114 000000BC 00000000        DCD              DMAC4_Handler ; IRQ 31
  115 000000C0         __Vectors_End
  116 000000C0         
  117 000000C0 000000C0 
                       __Vectors_Size
                               EQU              __Vectors_End - __Vectors
  118 000000C0         
  119 000000C0                 AREA             |.text|, CODE, READONLY
  120 00000000         
  121 00000000         
  122 00000000         ; Reset Handler
  123 00000000         
  124 00000000         Reset_Handler
                               PROC
  125 00000000                 EXPORT           Reset_Handler             [WEAK
]
  126 00000000                 IMPORT           SystemInit
  127 00000000                 IMPORT           __main
  128 00000000 4807            LDR              R0, =SystemInit
  129 00000002 4780            BLX              R0
  130 00000004 4807            LDR              R0, =__main
  131 00000006 4700            BX               R0
  132 00000008                 ENDP
  133 00000008         
  134 00000008         
  135 00000008         ; Dummy Exception Handlers (infinite loops which can be 
                       modified)
  136 00000008         
  137 00000008         NMI_Handler
                               PROC
  138 00000008                 EXPORT           NMI_Handler               [WEAK
]
  139 00000008 E7FE            B                .
  140 0000000A                 ENDP
  142 0000000A         HardFault_Handler
                               PROC
  143 0000000A                 EXPORT           HardFault_Handler         [WEAK
]
  144 0000000A E7FE            B                .
  145 0000000C                 ENDP
  146 0000000C         SVC_Handler



ARM Macro Assembler    Page 4 


                               PROC
  147 0000000C                 EXPORT           SVC_Handler               [WEAK
]
  148 0000000C E7FE            B                .
  149 0000000E                 ENDP
  150 0000000E         PendSV_Handler
                               PROC
  151 0000000E                 EXPORT           PendSV_Handler            [WEAK
]
  152 0000000E E7FE            B                .
  153 00000010                 ENDP
  154 00000010         SysTick_Handler
                               PROC
  155 00000010                 EXPORT           SysTick_Handler           [WEAK
]
  156 00000010 E7FE            B                .
  157 00000012                 ENDP
  158 00000012         
  159 00000012         DEVICE_Handler
                               PROC
  160 00000012         
  161 00000012                 EXPORT           LVI_Handler               [WEAK
]
  162 00000012                 EXPORT           WUT_Handler               [WEAK
]
  163 00000012                 EXPORT           WDT_Handler               [WEAK
]
  164 00000012                 EXPORT           EINT0_Handler             [WEAK
]
  165 00000012                 EXPORT           EINT1_Handler             [WEAK
]
  166 00000012                 EXPORT           EINT2_Handler             [WEAK
]
  167 00000012                 EXPORT           EINT3_Handler             [WEAK
]
  168 00000012                 EXPORT           TIMER40_Handler           [WEAK
]
  169 00000012                 EXPORT           TIMER41_Handler           [WEAK
]
  170 00000012                 EXPORT           TIMER42_Handler           [WEAK
]
  171 00000012                 EXPORT           I2C0_Handler              [WEAK
]
  172 00000012                 EXPORT           USART10_Handler           [WEAK
]
  173 00000012                 EXPORT           SPI0_Handler              [WEAK
]
  174 00000012                 EXPORT           SPI1_Handler              [WEAK
]
  175 00000012                 EXPORT           I2C1_Handler              [WEAK
]
  176 00000012                 EXPORT           TIMER50_Handler           [WEAK
]
  177 00000012                 EXPORT           SC0_Handler               [WEAK
]
  178 00000012                 EXPORT           SC1_Handler               [WEAK
]
  179 00000012                 EXPORT           ADC_Handler               [WEAK
]



ARM Macro Assembler    Page 5 


  180 00000012                 EXPORT           UART0_Handler             [WEAK
]
  181 00000012                 EXPORT           UART1_Handler             [WEAK
]
  182 00000012                 EXPORT           TIMER43_Handler           [WEAK
]
  183 00000012                 EXPORT           CMPn_Handler              [WEAK
]
  184 00000012                 EXPORT           DMAC0_Handler             [WEAK
]
  185 00000012                 EXPORT           DMAC1_Handler             [WEAK
]
  186 00000012                 EXPORT           LPUART_Handler            [WEAK
]
  187 00000012                 EXPORT           RTCC_Handler              [WEAK
]
  188 00000012                 EXPORT           DMAC2_Handler             [WEAK
]
  189 00000012                 EXPORT           DMAC3_Handler             [WEAK
]
  190 00000012                 EXPORT           DMAC4_Handler             [WEAK
]
  191 00000012         
  192 00000012         LVI_Handler
  193 00000012         WUT_Handler
  194 00000012         WDT_Handler
  195 00000012         EINT0_Handler
  196 00000012         EINT1_Handler
  197 00000012         EINT2_Handler
  198 00000012         EINT3_Handler
  199 00000012         TIMER40_Handler
  200 00000012         TIMER41_Handler
  201 00000012         TIMER42_Handler
  202 00000012         I2C0_Handler
  203 00000012         USART10_Handler
  204 00000012         SPI0_Handler
  205 00000012         SPI1_Handler
  206 00000012         I2C1_Handler
  207 00000012         TIMER50_Handler
  208 00000012         SC0_Handler
  209 00000012         SC1_Handler
  210 00000012         ADC_Handler
  211 00000012         UART0_Handler
  212 00000012         UART1_Handler
  213 00000012         TIMER43_Handler
  214 00000012         CMPn_Handler
  215 00000012         DMAC0_Handler
  216 00000012         DMAC1_Handler
  217 00000012         LPUART_Handler
  218 00000012         RTCC_Handler
  219 00000012         DMAC2_Handler
  220 00000012         DMAC3_Handler
  221 00000012         DMAC4_Handler
  222 00000012 E7FE            B                .
  223 00000014         
  224 00000014                 ENDP
  225 00000014         
  226 00000014         
  227 00000014                 ALIGN



ARM Macro Assembler    Page 6 


  228 00000014         
  229 00000014         
  230 00000014         ; User Initial Stack & Heap
  231 00000014         
  232 00000014                 IF               :DEF:__MICROLIB
  239 00000014         
  240 00000014                 IMPORT           __use_two_region_memory
  241 00000014                 EXPORT           __user_initial_stackheap
  242 00000014         
  243 00000014         __user_initial_stackheap
                               PROC
  244 00000014 4804            LDR              R0, =  Heap_Mem
  245 00000016 4905            LDR              R1, =(Stack_Mem + Stack_Size)
  246 00000018 4A05            LDR              R2, = (Heap_Mem +  Heap_Size)
  247 0000001A 4B06            LDR              R3, = Stack_Mem
  248 0000001C 4770            BX               LR
  249 0000001E                 ENDP
  250 0000001E         
  251 0000001E 00 00           ALIGN
  252 00000020         
  253 00000020                 ENDIF
  254 00000020         
  255 00000020         
  256 00000020                 END
              00000000 
              00000000 
              00000000 
              00000200 
              00000100 
              00000000 
Command Line: --debug --xref --diag_suppress=9931 --cpu=Cortex-M0+ --apcs=inter
work --depend=.\objects\startup_a31l12x.d -o.\objects\startup_a31l12x.o -I.\RTE
\_Target_1 -IC:\Users\sdjung\AppData\Local\Arm\Packs\ARM\CMSIS\5.8.0\CMSIS\Core
\Include -IC:\Users\sdjung\AppData\Local\Arm\Packs\ARM\CMSIS\5.8.0\Device\ARM\A
RMCM0plus\Include --predefine="__UVISION_VERSION SETA 536" --predefine="_RTE_ S
ETA 1" --predefine="ARMCM0P SETA 1" --predefine="_RTE_ SETA 1" --list=.\listing
s\startup_a31l12x.lst ..\..\..\..\Core\Device\ABOV\A31L12x\Source\ARM\startup_A
31L12x.s



ARM Macro Assembler    Page 1 Alphabetic symbol ordering
Relocatable symbols

STACK 00000000

Symbol: STACK
   Definitions
      At line 37 in file ..\..\..\..\Core\Device\ABOV\A31L12x\Source\ARM\startu
p_A31L12x.s
   Uses
      None
Comment: STACK unused
Stack_Mem 00000000

Symbol: Stack_Mem
   Definitions
      At line 38 in file ..\..\..\..\Core\Device\ABOV\A31L12x\Source\ARM\startu
p_A31L12x.s
   Uses
      At line 245 in file ..\..\..\..\Core\Device\ABOV\A31L12x\Source\ARM\start
up_A31L12x.s
      At line 247 in file ..\..\..\..\Core\Device\ABOV\A31L12x\Source\ARM\start
up_A31L12x.s

__initial_sp 00000200

Symbol: __initial_sp
   Definitions
      At line 39 in file ..\..\..\..\Core\Device\ABOV\A31L12x\Source\ARM\startu
p_A31L12x.s
   Uses
      At line 65 in file ..\..\..\..\Core\Device\ABOV\A31L12x\Source\ARM\startu
p_A31L12x.s
Comment: __initial_sp used once
3 symbols



ARM Macro Assembler    Page 1 Alphabetic symbol ordering
Relocatable symbols

HEAP 00000000

Symbol: HEAP
   Definitions
      At line 48 in file ..\..\..\..\Core\Device\ABOV\A31L12x\Source\ARM\startu
p_A31L12x.s
   Uses
      None
Comment: HEAP unused
Heap_Mem 00000000

Symbol: Heap_Mem
   Definitions
      At line 50 in file ..\..\..\..\Core\Device\ABOV\A31L12x\Source\ARM\startu
p_A31L12x.s
   Uses
      At line 244 in file ..\..\..\..\Core\Device\ABOV\A31L12x\Source\ARM\start
up_A31L12x.s
      At line 246 in file ..\..\..\..\Core\Device\ABOV\A31L12x\Source\ARM\start
up_A31L12x.s

__heap_base 00000000

Symbol: __heap_base
   Definitions
      At line 49 in file ..\..\..\..\Core\Device\ABOV\A31L12x\Source\ARM\startu
p_A31L12x.s
   Uses
      None
Comment: __heap_base unused
__heap_limit 00000100

Symbol: __heap_limit
   Definitions
      At line 51 in file ..\..\..\..\Core\Device\ABOV\A31L12x\Source\ARM\startu
p_A31L12x.s
   Uses
      None
Comment: __heap_limit unused
4 symbols



ARM Macro Assembler    Page 1 Alphabetic symbol ordering
Relocatable symbols

RESET 00000000

Symbol: RESET
   Definitions
      At line 60 in file ..\..\..\..\Core\Device\ABOV\A31L12x\Source\ARM\startu
p_A31L12x.s
   Uses
      None
Comment: RESET unused
__Vectors 00000000

Symbol: __Vectors
   Definitions
      At line 65 in file ..\..\..\..\Core\Device\ABOV\A31L12x\Source\ARM\startu
p_A31L12x.s
   Uses
      At line 61 in file ..\..\..\..\Core\Device\ABOV\A31L12x\Source\ARM\startu
p_A31L12x.s
      At line 117 in file ..\..\..\..\Core\Device\ABOV\A31L12x\Source\ARM\start
up_A31L12x.s

__Vectors_End 000000C0

Symbol: __Vectors_End
   Definitions
      At line 115 in file ..\..\..\..\Core\Device\ABOV\A31L12x\Source\ARM\start
up_A31L12x.s
   Uses
      At line 62 in file ..\..\..\..\Core\Device\ABOV\A31L12x\Source\ARM\startu
p_A31L12x.s
      At line 117 in file ..\..\..\..\Core\Device\ABOV\A31L12x\Source\ARM\start
up_A31L12x.s

3 symbols



ARM Macro Assembler    Page 1 Alphabetic symbol ordering
Relocatable symbols

.text 00000000

Symbol: .text
   Definitions
      At line 119 in file ..\..\..\..\Core\Device\ABOV\A31L12x\Source\ARM\start
up_A31L12x.s
   Uses
      None
Comment: .text unused
ADC_Handler 00000012

Symbol: ADC_Handler
   Definitions
      At line 210 in file ..\..\..\..\Core\Device\ABOV\A31L12x\Source\ARM\start
up_A31L12x.s
   Uses
      At line 101 in file ..\..\..\..\Core\Device\ABOV\A31L12x\Source\ARM\start
up_A31L12x.s
      At line 179 in file ..\..\..\..\Core\Device\ABOV\A31L12x\Source\ARM\start
up_A31L12x.s

CMPn_Handler 00000012

Symbol: CMPn_Handler
   Definitions
      At line 214 in file ..\..\..\..\Core\Device\ABOV\A31L12x\Source\ARM\start
up_A31L12x.s
   Uses
      At line 105 in file ..\..\..\..\Core\Device\ABOV\A31L12x\Source\ARM\start
up_A31L12x.s
      At line 183 in file ..\..\..\..\Core\Device\ABOV\A31L12x\Source\ARM\start
up_A31L12x.s

DEVICE_Handler 00000012

Symbol: DEVICE_Handler
   Definitions
      At line 159 in file ..\..\..\..\Core\Device\ABOV\A31L12x\Source\ARM\start
up_A31L12x.s
   Uses
      None
Comment: DEVICE_Handler unused
DMAC0_Handler 00000012

Symbol: DMAC0_Handler
   Definitions
      At line 215 in file ..\..\..\..\Core\Device\ABOV\A31L12x\Source\ARM\start
up_A31L12x.s
   Uses
      At line 106 in file ..\..\..\..\Core\Device\ABOV\A31L12x\Source\ARM\start
up_A31L12x.s
      At line 184 in file ..\..\..\..\Core\Device\ABOV\A31L12x\Source\ARM\start
up_A31L12x.s

DMAC1_Handler 00000012

Symbol: DMAC1_Handler
   Definitions
      At line 216 in file ..\..\..\..\Core\Device\ABOV\A31L12x\Source\ARM\start



ARM Macro Assembler    Page 2 Alphabetic symbol ordering
Relocatable symbols

up_A31L12x.s
   Uses
      At line 107 in file ..\..\..\..\Core\Device\ABOV\A31L12x\Source\ARM\start
up_A31L12x.s
      At line 185 in file ..\..\..\..\Core\Device\ABOV\A31L12x\Source\ARM\start
up_A31L12x.s

DMAC2_Handler 00000012

Symbol: DMAC2_Handler
   Definitions
      At line 219 in file ..\..\..\..\Core\Device\ABOV\A31L12x\Source\ARM\start
up_A31L12x.s
   Uses
      At line 112 in file ..\..\..\..\Core\Device\ABOV\A31L12x\Source\ARM\start
up_A31L12x.s
      At line 188 in file ..\..\..\..\Core\Device\ABOV\A31L12x\Source\ARM\start
up_A31L12x.s

DMAC3_Handler 00000012

Symbol: DMAC3_Handler
   Definitions
      At line 220 in file ..\..\..\..\Core\Device\ABOV\A31L12x\Source\ARM\start
up_A31L12x.s
   Uses
      At line 113 in file ..\..\..\..\Core\Device\ABOV\A31L12x\Source\ARM\start
up_A31L12x.s
      At line 189 in file ..\..\..\..\Core\Device\ABOV\A31L12x\Source\ARM\start
up_A31L12x.s

DMAC4_Handler 00000012

Symbol: DMAC4_Handler
   Definitions
      At line 221 in file ..\..\..\..\Core\Device\ABOV\A31L12x\Source\ARM\start
up_A31L12x.s
   Uses
      At line 114 in file ..\..\..\..\Core\Device\ABOV\A31L12x\Source\ARM\start
up_A31L12x.s
      At line 190 in file ..\..\..\..\Core\Device\ABOV\A31L12x\Source\ARM\start
up_A31L12x.s

EINT0_Handler 00000012

Symbol: EINT0_Handler
   Definitions
      At line 195 in file ..\..\..\..\Core\Device\ABOV\A31L12x\Source\ARM\start
up_A31L12x.s
   Uses
      At line 86 in file ..\..\..\..\Core\Device\ABOV\A31L12x\Source\ARM\startu
p_A31L12x.s
      At line 164 in file ..\..\..\..\Core\Device\ABOV\A31L12x\Source\ARM\start
up_A31L12x.s

EINT1_Handler 00000012

Symbol: EINT1_Handler
   Definitions



ARM Macro Assembler    Page 3 Alphabetic symbol ordering
Relocatable symbols

      At line 196 in file ..\..\..\..\Core\Device\ABOV\A31L12x\Source\ARM\start
up_A31L12x.s
   Uses
      At line 87 in file ..\..\..\..\Core\Device\ABOV\A31L12x\Source\ARM\startu
p_A31L12x.s
      At line 165 in file ..\..\..\..\Core\Device\ABOV\A31L12x\Source\ARM\start
up_A31L12x.s

EINT2_Handler 00000012

Symbol: EINT2_Handler
   Definitions
      At line 197 in file ..\..\..\..\Core\Device\ABOV\A31L12x\Source\ARM\start
up_A31L12x.s
   Uses
      At line 88 in file ..\..\..\..\Core\Device\ABOV\A31L12x\Source\ARM\startu
p_A31L12x.s
      At line 166 in file ..\..\..\..\Core\Device\ABOV\A31L12x\Source\ARM\start
up_A31L12x.s

EINT3_Handler 00000012

Symbol: EINT3_Handler
   Definitions
      At line 198 in file ..\..\..\..\Core\Device\ABOV\A31L12x\Source\ARM\start
up_A31L12x.s
   Uses
      At line 89 in file ..\..\..\..\Core\Device\ABOV\A31L12x\Source\ARM\startu
p_A31L12x.s
      At line 167 in file ..\..\..\..\Core\Device\ABOV\A31L12x\Source\ARM\start
up_A31L12x.s

HardFault_Handler 0000000A

Symbol: HardFault_Handler
   Definitions
      At line 142 in file ..\..\..\..\Core\Device\ABOV\A31L12x\Source\ARM\start
up_A31L12x.s
   Uses
      At line 68 in file ..\..\..\..\Core\Device\ABOV\A31L12x\Source\ARM\startu
p_A31L12x.s
      At line 143 in file ..\..\..\..\Core\Device\ABOV\A31L12x\Source\ARM\start
up_A31L12x.s

I2C0_Handler 00000012

Symbol: I2C0_Handler
   Definitions
      At line 202 in file ..\..\..\..\Core\Device\ABOV\A31L12x\Source\ARM\start
up_A31L12x.s
   Uses
      At line 93 in file ..\..\..\..\Core\Device\ABOV\A31L12x\Source\ARM\startu
p_A31L12x.s
      At line 171 in file ..\..\..\..\Core\Device\ABOV\A31L12x\Source\ARM\start
up_A31L12x.s

I2C1_Handler 00000012

Symbol: I2C1_Handler



ARM Macro Assembler    Page 4 Alphabetic symbol ordering
Relocatable symbols

   Definitions
      At line 206 in file ..\..\..\..\Core\Device\ABOV\A31L12x\Source\ARM\start
up_A31L12x.s
   Uses
      At line 97 in file ..\..\..\..\Core\Device\ABOV\A31L12x\Source\ARM\startu
p_A31L12x.s
      At line 175 in file ..\..\..\..\Core\Device\ABOV\A31L12x\Source\ARM\start
up_A31L12x.s

LPUART_Handler 00000012

Symbol: LPUART_Handler
   Definitions
      At line 217 in file ..\..\..\..\Core\Device\ABOV\A31L12x\Source\ARM\start
up_A31L12x.s
   Uses
      At line 108 in file ..\..\..\..\Core\Device\ABOV\A31L12x\Source\ARM\start
up_A31L12x.s
      At line 186 in file ..\..\..\..\Core\Device\ABOV\A31L12x\Source\ARM\start
up_A31L12x.s

LVI_Handler 00000012

Symbol: LVI_Handler
   Definitions
      At line 192 in file ..\..\..\..\Core\Device\ABOV\A31L12x\Source\ARM\start
up_A31L12x.s
   Uses
      At line 83 in file ..\..\..\..\Core\Device\ABOV\A31L12x\Source\ARM\startu
p_A31L12x.s
      At line 161 in file ..\..\..\..\Core\Device\ABOV\A31L12x\Source\ARM\start
up_A31L12x.s

NMI_Handler 00000008

Symbol: NMI_Handler
   Definitions
      At line 137 in file ..\..\..\..\Core\Device\ABOV\A31L12x\Source\ARM\start
up_A31L12x.s
   Uses
      At line 67 in file ..\..\..\..\Core\Device\ABOV\A31L12x\Source\ARM\startu
p_A31L12x.s
      At line 138 in file ..\..\..\..\Core\Device\ABOV\A31L12x\Source\ARM\start
up_A31L12x.s

PendSV_Handler 0000000E

Symbol: PendSV_Handler
   Definitions
      At line 150 in file ..\..\..\..\Core\Device\ABOV\A31L12x\Source\ARM\start
up_A31L12x.s
   Uses
      At line 79 in file ..\..\..\..\Core\Device\ABOV\A31L12x\Source\ARM\startu
p_A31L12x.s
      At line 151 in file ..\..\..\..\Core\Device\ABOV\A31L12x\Source\ARM\start
up_A31L12x.s

RTCC_Handler 00000012




ARM Macro Assembler    Page 5 Alphabetic symbol ordering
Relocatable symbols

Symbol: RTCC_Handler
   Definitions
      At line 218 in file ..\..\..\..\Core\Device\ABOV\A31L12x\Source\ARM\start
up_A31L12x.s
   Uses
      At line 111 in file ..\..\..\..\Core\Device\ABOV\A31L12x\Source\ARM\start
up_A31L12x.s
      At line 187 in file ..\..\..\..\Core\Device\ABOV\A31L12x\Source\ARM\start
up_A31L12x.s

Reset_Handler 00000000

Symbol: Reset_Handler
   Definitions
      At line 124 in file ..\..\..\..\Core\Device\ABOV\A31L12x\Source\ARM\start
up_A31L12x.s
   Uses
      At line 66 in file ..\..\..\..\Core\Device\ABOV\A31L12x\Source\ARM\startu
p_A31L12x.s
      At line 125 in file ..\..\..\..\Core\Device\ABOV\A31L12x\Source\ARM\start
up_A31L12x.s

SC0_Handler 00000012

Symbol: SC0_Handler
   Definitions
      At line 208 in file ..\..\..\..\Core\Device\ABOV\A31L12x\Source\ARM\start
up_A31L12x.s
   Uses
      At line 99 in file ..\..\..\..\Core\Device\ABOV\A31L12x\Source\ARM\startu
p_A31L12x.s
      At line 177 in file ..\..\..\..\Core\Device\ABOV\A31L12x\Source\ARM\start
up_A31L12x.s

SC1_Handler 00000012

Symbol: SC1_Handler
   Definitions
      At line 209 in file ..\..\..\..\Core\Device\ABOV\A31L12x\Source\ARM\start
up_A31L12x.s
   Uses
      At line 100 in file ..\..\..\..\Core\Device\ABOV\A31L12x\Source\ARM\start
up_A31L12x.s
      At line 178 in file ..\..\..\..\Core\Device\ABOV\A31L12x\Source\ARM\start
up_A31L12x.s

SPI0_Handler 00000012

Symbol: SPI0_Handler
   Definitions
      At line 204 in file ..\..\..\..\Core\Device\ABOV\A31L12x\Source\ARM\start
up_A31L12x.s
   Uses
      At line 95 in file ..\..\..\..\Core\Device\ABOV\A31L12x\Source\ARM\startu
p_A31L12x.s
      At line 173 in file ..\..\..\..\Core\Device\ABOV\A31L12x\Source\ARM\start
up_A31L12x.s

SPI1_Handler 00000012



ARM Macro Assembler    Page 6 Alphabetic symbol ordering
Relocatable symbols


Symbol: SPI1_Handler
   Definitions
      At line 205 in file ..\..\..\..\Core\Device\ABOV\A31L12x\Source\ARM\start
up_A31L12x.s
   Uses
      At line 96 in file ..\..\..\..\Core\Device\ABOV\A31L12x\Source\ARM\startu
p_A31L12x.s
      At line 174 in file ..\..\..\..\Core\Device\ABOV\A31L12x\Source\ARM\start
up_A31L12x.s

SVC_Handler 0000000C

Symbol: SVC_Handler
   Definitions
      At line 146 in file ..\..\..\..\Core\Device\ABOV\A31L12x\Source\ARM\start
up_A31L12x.s
   Uses
      At line 76 in file ..\..\..\..\Core\Device\ABOV\A31L12x\Source\ARM\startu
p_A31L12x.s
      At line 147 in file ..\..\..\..\Core\Device\ABOV\A31L12x\Source\ARM\start
up_A31L12x.s

SysTick_Handler 00000010

Symbol: SysTick_Handler
   Definitions
      At line 154 in file ..\..\..\..\Core\Device\ABOV\A31L12x\Source\ARM\start
up_A31L12x.s
   Uses
      At line 80 in file ..\..\..\..\Core\Device\ABOV\A31L12x\Source\ARM\startu
p_A31L12x.s
      At line 155 in file ..\..\..\..\Core\Device\ABOV\A31L12x\Source\ARM\start
up_A31L12x.s

TIMER40_Handler 00000012

Symbol: TIMER40_Handler
   Definitions
      At line 199 in file ..\..\..\..\Core\Device\ABOV\A31L12x\Source\ARM\start
up_A31L12x.s
   Uses
      At line 90 in file ..\..\..\..\Core\Device\ABOV\A31L12x\Source\ARM\startu
p_A31L12x.s
      At line 168 in file ..\..\..\..\Core\Device\ABOV\A31L12x\Source\ARM\start
up_A31L12x.s

TIMER41_Handler 00000012

Symbol: TIMER41_Handler
   Definitions
      At line 200 in file ..\..\..\..\Core\Device\ABOV\A31L12x\Source\ARM\start
up_A31L12x.s
   Uses
      At line 91 in file ..\..\..\..\Core\Device\ABOV\A31L12x\Source\ARM\startu
p_A31L12x.s
      At line 169 in file ..\..\..\..\Core\Device\ABOV\A31L12x\Source\ARM\start
up_A31L12x.s




ARM Macro Assembler    Page 7 Alphabetic symbol ordering
Relocatable symbols

TIMER42_Handler 00000012

Symbol: TIMER42_Handler
   Definitions
      At line 201 in file ..\..\..\..\Core\Device\ABOV\A31L12x\Source\ARM\start
up_A31L12x.s
   Uses
      At line 92 in file ..\..\..\..\Core\Device\ABOV\A31L12x\Source\ARM\startu
p_A31L12x.s
      At line 170 in file ..\..\..\..\Core\Device\ABOV\A31L12x\Source\ARM\start
up_A31L12x.s

TIMER43_Handler 00000012

Symbol: TIMER43_Handler
   Definitions
      At line 213 in file ..\..\..\..\Core\Device\ABOV\A31L12x\Source\ARM\start
up_A31L12x.s
   Uses
      At line 104 in file ..\..\..\..\Core\Device\ABOV\A31L12x\Source\ARM\start
up_A31L12x.s
      At line 182 in file ..\..\..\..\Core\Device\ABOV\A31L12x\Source\ARM\start
up_A31L12x.s

TIMER50_Handler 00000012

Symbol: TIMER50_Handler
   Definitions
      At line 207 in file ..\..\..\..\Core\Device\ABOV\A31L12x\Source\ARM\start
up_A31L12x.s
   Uses
      At line 98 in file ..\..\..\..\Core\Device\ABOV\A31L12x\Source\ARM\startu
p_A31L12x.s
      At line 176 in file ..\..\..\..\Core\Device\ABOV\A31L12x\Source\ARM\start
up_A31L12x.s

UART0_Handler 00000012

Symbol: UART0_Handler
   Definitions
      At line 211 in file ..\..\..\..\Core\Device\ABOV\A31L12x\Source\ARM\start
up_A31L12x.s
   Uses
      At line 102 in file ..\..\..\..\Core\Device\ABOV\A31L12x\Source\ARM\start
up_A31L12x.s
      At line 180 in file ..\..\..\..\Core\Device\ABOV\A31L12x\Source\ARM\start
up_A31L12x.s

UART1_Handler 00000012

Symbol: UART1_Handler
   Definitions
      At line 212 in file ..\..\..\..\Core\Device\ABOV\A31L12x\Source\ARM\start
up_A31L12x.s
   Uses
      At line 103 in file ..\..\..\..\Core\Device\ABOV\A31L12x\Source\ARM\start
up_A31L12x.s
      At line 181 in file ..\..\..\..\Core\Device\ABOV\A31L12x\Source\ARM\start
up_A31L12x.s



ARM Macro Assembler    Page 8 Alphabetic symbol ordering
Relocatable symbols


USART10_Handler 00000012

Symbol: USART10_Handler
   Definitions
      At line 203 in file ..\..\..\..\Core\Device\ABOV\A31L12x\Source\ARM\start
up_A31L12x.s
   Uses
      At line 94 in file ..\..\..\..\Core\Device\ABOV\A31L12x\Source\ARM\startu
p_A31L12x.s
      At line 172 in file ..\..\..\..\Core\Device\ABOV\A31L12x\Source\ARM\start
up_A31L12x.s

WDT_Handler 00000012

Symbol: WDT_Handler
   Definitions
      At line 194 in file ..\..\..\..\Core\Device\ABOV\A31L12x\Source\ARM\start
up_A31L12x.s
   Uses
      At line 85 in file ..\..\..\..\Core\Device\ABOV\A31L12x\Source\ARM\startu
p_A31L12x.s
      At line 163 in file ..\..\..\..\Core\Device\ABOV\A31L12x\Source\ARM\start
up_A31L12x.s

WUT_Handler 00000012

Symbol: WUT_Handler
   Definitions
      At line 193 in file ..\..\..\..\Core\Device\ABOV\A31L12x\Source\ARM\start
up_A31L12x.s
   Uses
      At line 84 in file ..\..\..\..\Core\Device\ABOV\A31L12x\Source\ARM\startu
p_A31L12x.s
      At line 162 in file ..\..\..\..\Core\Device\ABOV\A31L12x\Source\ARM\start
up_A31L12x.s

__user_initial_stackheap 00000014

Symbol: __user_initial_stackheap
   Definitions
      At line 243 in file ..\..\..\..\Core\Device\ABOV\A31L12x\Source\ARM\start
up_A31L12x.s
   Uses
      At line 241 in file ..\..\..\..\Core\Device\ABOV\A31L12x\Source\ARM\start
up_A31L12x.s
Comment: __user_initial_stackheap used once
39 symbols



ARM Macro Assembler    Page 1 Alphabetic symbol ordering
Absolute symbols

Heap_Size 00000100

Symbol: Heap_Size
   Definitions
      At line 46 in file ..\..\..\..\Core\Device\ABOV\A31L12x\Source\ARM\startu
p_A31L12x.s
   Uses
      At line 50 in file ..\..\..\..\Core\Device\ABOV\A31L12x\Source\ARM\startu
p_A31L12x.s
      At line 246 in file ..\..\..\..\Core\Device\ABOV\A31L12x\Source\ARM\start
up_A31L12x.s

Stack_Size 00000200

Symbol: Stack_Size
   Definitions
      At line 35 in file ..\..\..\..\Core\Device\ABOV\A31L12x\Source\ARM\startu
p_A31L12x.s
   Uses
      At line 38 in file ..\..\..\..\Core\Device\ABOV\A31L12x\Source\ARM\startu
p_A31L12x.s
      At line 245 in file ..\..\..\..\Core\Device\ABOV\A31L12x\Source\ARM\start
up_A31L12x.s

__Vectors_Size 000000C0

Symbol: __Vectors_Size
   Definitions
      At line 117 in file ..\..\..\..\Core\Device\ABOV\A31L12x\Source\ARM\start
up_A31L12x.s
   Uses
      At line 63 in file ..\..\..\..\Core\Device\ABOV\A31L12x\Source\ARM\startu
p_A31L12x.s
Comment: __Vectors_Size used once
3 symbols



ARM Macro Assembler    Page 1 Alphabetic symbol ordering
External symbols

SystemInit 00000000

Symbol: SystemInit
   Definitions
      At line 126 in file ..\..\..\..\Core\Device\ABOV\A31L12x\Source\ARM\start
up_A31L12x.s
   Uses
      At line 128 in file ..\..\..\..\Core\Device\ABOV\A31L12x\Source\ARM\start
up_A31L12x.s
Comment: SystemInit used once
__main 00000000

Symbol: __main
   Definitions
      At line 127 in file ..\..\..\..\Core\Device\ABOV\A31L12x\Source\ARM\start
up_A31L12x.s
   Uses
      At line 130 in file ..\..\..\..\Core\Device\ABOV\A31L12x\Source\ARM\start
up_A31L12x.s
Comment: __main used once
__use_two_region_memory 00000000

Symbol: __use_two_region_memory
   Definitions
      At line 240 in file ..\..\..\..\Core\Device\ABOV\A31L12x\Source\ARM\start
up_A31L12x.s
   Uses
      None
Comment: __use_two_region_memory unused
3 symbols
392 symbols in table
